<?xml version="1.0" encoding="UTF-8"?>
<!-- Generated by org.testng.reporters.JUnitReportReporter -->
<testsuite hostname="DESKTOP-J77L1O0" failures="0" tests="1" name="Test.ProfilePageTest" time="34.494" errors="0" timestamp="2022-09-28T16:38:12 IST" skipped="0">
  <testcase classname="Test.ProfilePageTest" name="UploadProfileImage" time="34.494"/>
  <system-out/>
</testsuite> <!-- Test.ProfilePageTest -->
