<?xml version="1.0" encoding="UTF-8"?>
<!-- Generated by org.testng.reporters.JUnitReportReporter -->
<testsuite hostname="DESKTOP-J77L1O0" failures="0" tests="3" name="Test.LoginPageTest" time="54.903" errors="0" timestamp="2022-09-29T09:14:48 IST" skipped="0">
  <testcase classname="Test.LoginPageTest" name="validLoginPagewithConfigDataTest" time="19.366"/>
  <system-out/>
  <testcase classname="Test.LoginPageTest" name="validLoginPageWithXlsxDataTest" time="19.635"/>
  <system-out/>
  <testcase classname="Test.LoginPageTest" name="validateInvalidLoginCred" time="15.902"/>
  <system-out/>
</testsuite> <!-- Test.LoginPageTest -->
