<?xml version="1.0" encoding="UTF-8"?>
<!-- Generated by org.testng.reporters.JUnitReportReporter -->
<testsuite hostname="DESKTOP-J77L1O0" failures="0" tests="1" name="Test.MarketPlaceTest" time="74.533" errors="0" timestamp="2022-09-29T08:20:33 IST" skipped="0">
  <testcase classname="Test.MarketPlaceTest" name="MarketPlacePost" time="74.533"/>
  <system-out/>
</testsuite> <!-- Test.MarketPlaceTest -->
