<?xml version="1.0" encoding="UTF-8"?>
<!-- Generated by org.testng.reporters.JUnitReportReporter -->
<testsuite hostname="DESKTOP-0HJJQ6S" failures="0" tests="1" name="Test.LoginfromChrome" time="3.173" errors="0" timestamp="2022-09-16T19:13:54 IST" skipped="0">
  <testcase classname="Test.LoginfromChrome" name="Login" time="3.173"/>
  <system-out/>
</testsuite> <!-- Test.LoginfromChrome -->
