<?xml version="1.0" encoding="UTF-8"?>
<!-- Generated by org.testng.reporters.JUnitReportReporter -->
<testsuite hostname="DESKTOP-0HJJQ6S" failures="0" tests="4" name="Test.LoginTest" time="0.034" errors="0" timestamp="2022-09-15T07:25:02 IST" skipped="0">
  <testcase classname="Test.LoginTest" name="test3" time="0.008"/>
  <system-out>
Test3  </system-out>
  <testcase classname="Test.LoginTest" name="test3" time="0.010"/>
  <system-out>
Test3  </system-out>
  <testcase classname="Test.LoginTest" name="test2" time="0.010"/>
  <system-out>
Test2  </system-out>
  <testcase classname="Test.LoginTest" name="test" time="0.006"/>
  <system-out>
Test  </system-out>
</testsuite> <!-- Test.LoginTest -->
