<?xml version="1.0" encoding="UTF-8"?>
<!-- Generated by org.testng.reporters.JUnitReportReporter -->
<testsuite hostname="DESKTOP-J77L1O0" failures="0" tests="2" name="Test.WatchVideoTest" time="148.387" errors="0" timestamp="2022-09-29T08:18:45 IST" skipped="0">
  <testcase classname="Test.WatchVideoTest" name="WatchPost" time="79.166"/>
  <system-out/>
  <testcase classname="Test.WatchVideoTest" name="scrollUpDown" time="69.221"/>
  <system-out/>
</testsuite> <!-- Test.WatchVideoTest -->
