<?xml version="1.0" encoding="UTF-8"?>
<!-- Generated by org.testng.reporters.JUnitReportReporter -->
<testsuite hostname="DESKTOP-J77L1O0" failures="0" tests="1" name="Test.Browser" time="1.950" errors="0" timestamp="2022-09-28T21:54:40 IST" skipped="0">
  <testcase classname="Test.Browser" name="Login" time="1.950"/>
  <system-out/>
</testsuite> <!-- Test.Browser -->
