<?xml version="1.0" encoding="UTF-8"?>
<!-- Generated by org.testng.reporters.JUnitReportReporter -->
<testsuite hostname="DESKTOP-J77L1O0" failures="0" tests="1" name="Test.FindFriendTest" time="12.868" errors="0" timestamp="2022-09-29T08:21:11 IST" skipped="0">
  <testcase classname="Test.FindFriendTest" name="FriendFindPost" time="12.868"/>
  <system-out/>
</testsuite> <!-- Test.FindFriendTest -->
