<?xml version="1.0" encoding="UTF-8"?>
<!-- Generated by org.testng.reporters.JUnitReportReporter -->
<testsuite hostname="DESKTOP-J77L1O0" failures="0" tests="3" name="Test.HomePageTest" time="59.952" errors="0" timestamp="2022-09-28T16:33:15 IST" skipped="0">
  <testcase classname="Test.HomePageTest" name="likePost" time="14.264"/>
  <system-out/>
  <testcase classname="Test.HomePageTest" name="uploadVideoPost" time="23.213"/>
  <system-out/>
  <testcase classname="Test.HomePageTest" name="uploadImagePost" time="22.475"/>
  <system-out/>
</testsuite> <!-- Test.HomePageTest -->
