<?xml version="1.0" encoding="UTF-8"?>
<!-- Generated by org.testng.reporters.JUnitReportReporter -->
<testsuite hostname="DESKTOP-J77L1O0" failures="0" tests="1" name="com.Test.BookSwagan_HomePageTest" time="28.695" errors="0" timestamp="2023-03-09T00:25:43 IST" skipped="0">
  <testcase classname="com.Test.BookSwagan_HomePageTest" name="BookSwagan_Home_Post" time="28.695"/>
  <system-out/>
</testsuite> <!-- com.Test.BookSwagan_HomePageTest -->
