<?xml version="1.0" encoding="UTF-8"?>
<!-- Generated by org.testng.reporters.JUnitReportReporter -->
<testsuite hostname="DESKTOP-J77L1O0" failures="0" tests="5" name="com.Test.Literature_and_literary_StudiesPageTest" time="161.916" errors="0" timestamp="2023-03-28T22:33:15 IST" skipped="0">
  <testcase classname="com.Test.Literature_and_literary_StudiesPageTest" name="Poetry_Post" time="29.360"/>
  <system-out/>
  <testcase classname="com.Test.Literature_and_literary_StudiesPageTest" name="History_and_Criticism_Post" time="33.840"/>
  <system-out/>
  <testcase classname="com.Test.Literature_and_literary_StudiesPageTest" name="Literature_and_literary_Studies_Post" time="37.586"/>
  <system-out/>
  <testcase classname="com.Test.Literature_and_literary_StudiesPageTest" name="Plays_Playscripts_Post" time="33.480"/>
  <system-out/>
  <testcase classname="com.Test.Literature_and_literary_StudiesPageTest" name="ProseNon_Fricton_Post" time="27.650"/>
  <system-out/>
</testsuite> <!-- com.Test.Literature_and_literary_StudiesPageTest -->
