<?xml version="1.0" encoding="UTF-8"?>
<!-- Generated by org.testng.reporters.JUnitReportReporter -->
<testsuite hostname="DESKTOP-J77L1O0" failures="0" tests="4" name="com.Test.Biographies_and_MemoirsPageTest" time="190.592" errors="0" timestamp="2023-03-09T00:25:43 IST" skipped="0">
  <testcase classname="com.Test.Biographies_and_MemoirsPageTest" name="Biography_generalPost" time="113.240"/>
  <system-out/>
  <testcase classname="com.Test.Biographies_and_MemoirsPageTest" name="Diaries_lettersAndjournals_Post" time="25.729"/>
  <system-out/>
  <testcase classname="com.Test.Biographies_and_MemoirsPageTest" name="Memoirs_Post" time="23.557"/>
  <system-out/>
  <testcase classname="com.Test.Biographies_and_MemoirsPageTest" name="TrueStories_Post" time="28.066"/>
  <system-out/>
</testsuite> <!-- com.Test.Biographies_and_MemoirsPageTest -->
