<?xml version="1.0" encoding="UTF-8"?>
<!-- Generated by org.testng.reporters.JUnitReportReporter -->
<testsuite hostname="DESKTOP-J77L1O0" failures="0" tests="4" name="com.Test.Art_and_Photography_Test" time="362.255" errors="0" timestamp="2023-03-09T00:25:43 IST" skipped="0">
  <testcase classname="com.Test.Art_and_Photography_Test" name="Art_Forms_Post" time="30.584"/>
  <system-out/>
  <testcase classname="com.Test.Art_and_Photography_Test" name="Art_treatments_and_subjects_Post" time="147.905"/>
  <system-out/>
  <testcase classname="com.Test.Art_and_Photography_Test" name="Architecture_Post" time="36.353"/>
  <system-out/>
  <testcase classname="com.Test.Art_and_Photography_Test" name="DanceAndOther_performingArts_Post" time="147.413"/>
  <system-out/>
</testsuite> <!-- com.Test.Art_and_Photography_Test -->
