<?xml version="1.0" encoding="UTF-8"?>
<!-- Generated by org.testng.reporters.JUnitReportReporter -->
<testsuite hostname="DESKTOP-J77L1O0" failures="0" tests="2" name="com.Test.Dictionaries_and_languagesPageTest" time="48.420" errors="0" timestamp="2023-03-09T00:25:43 IST" skipped="0">
  <testcase classname="com.Test.Dictionaries_and_languagesPageTest" name="Dictionaries_and_languages_Post" time="22.300"/>
  <system-out/>
  <testcase classname="com.Test.Dictionaries_and_languagesPageTest" name="Linguistics_Post" time="26.120"/>
  <system-out/>
</testsuite> <!-- com.Test.Dictionaries_and_languagesPageTest -->
