<?xml version="1.0" encoding="UTF-8"?>
<!-- Generated by org.testng.reporters.JUnitReportReporter -->
<testsuite hostname="DESKTOP-J77L1O0" failures="0" tests="1" name="com.Test.New_Arrivals_Test" time="31.626" errors="0" timestamp="2023-03-30T22:17:50 IST" skipped="0">
  <testcase classname="com.Test.New_Arrivals_Test" name="New_Arrivals_Post" time="31.626"/>
  <system-out/>
</testsuite> <!-- com.Test.New_Arrivals_Test -->
