<?xml version="1.0" encoding="UTF-8"?>
<!-- Generated by org.testng.reporters.JUnitReportReporter -->
<testsuite hostname="DESKTOP-J77L1O0" failures="0" tests="1" name="Test.StatusTest" time="27.951" errors="0" timestamp="2022-10-12T09:42:48 IST" skipped="0">
  <testcase classname="Test.StatusTest" name="text_type_post" time="27.951"/>
  <system-out/>
</testsuite> <!-- Test.StatusTest -->
