<?xml version="1.0" encoding="UTF-8"?>
<!-- Generated by org.testng.reporters.JUnitReportReporter -->
<testsuite hostname="DESKTOP-J77L1O0" failures="0" tests="1" name="Test.ProfilePageTest" time="43.067" errors="0" timestamp="2022-10-08T09:01:43 IST" skipped="0">
  <testcase classname="Test.ProfilePageTest" name="UploadProfileImage" time="43.067"/>
  <system-out/>
</testsuite> <!-- Test.ProfilePageTest -->
