<?xml version="1.0" encoding="UTF-8"?>
<!-- Generated by org.testng.reporters.JUnitReportReporter -->
<testsuite hostname="DESKTOP-J77L1O0" failures="0" tests="1" name="Test.WatchVideoTest" time="118.769" errors="0" timestamp="2022-10-07T12:41:22 IST" skipped="0">
  <testcase classname="Test.WatchVideoTest" name="WatchPost" time="118.769"/>
  <system-out/>
</testsuite> <!-- Test.WatchVideoTest -->
