<?xml version="1.0" encoding="UTF-8"?>
<!-- Generated by org.testng.reporters.JUnitReportReporter -->
<testsuite hostname="DESKTOP-J77L1O0" failures="0" tests="1" name="Test.UploadProfileVideoTest" time="44.066" errors="0" timestamp="2022-10-07T12:38:48 IST" skipped="0">
  <testcase classname="Test.UploadProfileVideoTest" name="uploadVideoPost" time="44.066"/>
  <system-out/>
</testsuite> <!-- Test.UploadProfileVideoTest -->
