<?xml version="1.0" encoding="UTF-8"?>
<!-- Generated by org.testng.reporters.JUnitReportReporter -->
<testsuite hostname="DESKTOP-J77L1O0" failures="0" tests="1" name="Test.MarketPlaceTest" time="73.698" errors="0" timestamp="2022-10-07T12:12:50 IST" skipped="0">
  <testcase classname="Test.MarketPlaceTest" name="MarketPlacePost" time="73.698"/>
  <system-out/>
</testsuite> <!-- Test.MarketPlaceTest -->
