<?xml version="1.0" encoding="UTF-8"?>
<!-- Generated by org.testng.reporters.JUnitReportReporter -->
<testsuite hostname="DESKTOP-J77L1O0" failures="0" tests="4" name="Test.TestAnnotations" time="0.017" errors="0" timestamp="2022-10-03T21:39:32 IST" skipped="0">
  <testcase classname="Test.TestAnnotations" name="test3" time="0.003"/>
  <system-out>
Test3  </system-out>
  <testcase classname="Test.TestAnnotations" name="test2" time="0.009"/>
  <system-out>
Test2  </system-out>
  <testcase classname="Test.TestAnnotations" name="test3" time="0.002"/>
  <system-out>
Test3  </system-out>
  <testcase classname="Test.TestAnnotations" name="test" time="0.003"/>
  <system-out>
Test  </system-out>
</testsuite> <!-- Test.TestAnnotations -->
