<?xml version="1.0" encoding="UTF-8"?>
<!-- Generated by org.testng.reporters.JUnitReportReporter -->
<testsuite hostname="DESKTOP-J77L1O0" failures="0" tests="1" name="Test.Browser" time="1.623" errors="0" timestamp="2022-10-03T21:39:32 IST" skipped="0">
  <testcase classname="Test.Browser" name="Login" time="1.623"/>
  <system-out/>
</testsuite> <!-- Test.Browser -->
